\BOOKMARK [1][-]{section.1}{\376\377\137\025\212\000}{}% 1
\BOOKMARK [1][-]{section.2}{\376\377\225\356\230\230\226\020\217\360\000\040\000\050\000P\000r\000o\000b\000l\000e\000m\000\040\000F\000o\000r\000m\000u\000l\000a\000t\000i\000o\000n\000\051}{}% 2
\BOOKMARK [2][-]{subsection.2.1}{\376\377\127\372\116\216\137\072\123\026\133\146\116\140\166\204\217\320\122\250\211\304\122\022\150\106\147\266}{section.2}% 3
\BOOKMARK [2][-]{subsection.2.2}{\376\377\122\000\121\167\215\357\137\204\163\257\130\203\136\372\152\041}{section.2}% 4
\BOOKMARK [1][-]{section.3}{\376\377\000J\000-\000N\000N\000C\152\041\127\213\213\276\213\241\116\016\133\236\163\260}{}% 5
\BOOKMARK [2][-]{subsection.3.1}{\376\377\143\167\136\246\176\246\147\137\116\013\166\204\122\250\117\134\172\172\225\364\213\276\213\241}{section.3}% 6
\BOOKMARK [2][-]{subsection.3.2}{\376\377\162\266\140\001\172\172\225\364\213\276\213\241}{section.3}% 7
\BOOKMARK [2][-]{subsection.3.3}{\376\377\131\126\122\261\121\375\145\160\213\276\213\241}{section.3}% 8
\BOOKMARK [2][-]{subsection.3.4}{\376\377\000P\000P\000O\173\227\154\325}{section.3}% 9
\BOOKMARK [1][-]{section.4}{\376\377\133\236\232\214\116\016\176\323\147\234\000\040\000\050\000E\000x\000p\000e\000r\000i\000m\000e\000n\000t\000\040\000\046\000\040\000R\000e\000s\000u\000l\000t\000s\000\051}{}% 10
\BOOKMARK [2][-]{subsection.4.1}{\376\377\133\236\232\214\145\271\150\110\116\016\136\163\123\360\213\276\213\241}{section.4}% 11
\BOOKMARK [3][-]{subsubsection.4.1.1}{\376\377\133\236\232\214\163\257\130\203\116\016\136\163\123\360}{subsection.4.1}% 12
\BOOKMARK [2][-]{subsection.4.2}{\376\377\133\371\153\324\127\372\176\277\145\271\154\325}{section.4}% 13
\BOOKMARK [2][-]{subsection.4.3}{\376\377\140\047\200\375\213\304\116\367\143\007\150\007\116\016\155\113\213\325\215\357\137\204}{section.4}% 14
\BOOKMARK [2][-]{subsection.4.4}{\376\377\133\371\153\324\133\236\232\214\116\016\122\006\147\220}{section.4}% 15
\BOOKMARK [3][-]{subsubsection.4.4.1}{\376\377\217\320\122\250\133\146\146\362\176\277\166\204\133\232\140\047\153\324\217\203}{subsection.4.4}% 16
\BOOKMARK [3][-]{subsubsection.4.4.2}{\376\377\154\333\123\026\200\375\122\233\166\204\123\357\211\306\123\026\122\006\147\220}{subsection.4.4}% 17
\BOOKMARK [3][-]{subsubsection.4.4.3}{\376\377\140\047\200\375\143\007\150\007\166\204\221\317\123\026\133\371\153\324}{subsection.4.4}% 18
\BOOKMARK [2][-]{subsection.4.5}{\376\377\155\210\207\215\133\236\232\214\000\040\000\050\000A\000b\000l\000a\000t\000i\000o\000n\000\040\000S\000t\000u\000d\000y\000\051}{section.4}% 19
\BOOKMARK [2][-]{subsection.4.6}{\376\377\000K\000C\000M\152\041\127\127\121\205\220\350\147\072\122\066\143\242\175\042}{section.4}% 20
\BOOKMARK [2][-]{subsection.4.7}{\376\377\162\151\164\006\122\240\135\345\133\236\232\214\232\214\213\301}{section.4}% 21
\BOOKMARK [1][-]{section.5}{\376\377\176\323\213\272}{}% 22
