\BOOKMARK [1][-]{section.1}{\376\377\137\025\212\000}{}% 1
\BOOKMARK [2][-]{subsection.1.1}{\376\377\116\073\211\201\215\041\163\056\000\040\000\050\000C\000o\000n\000t\000r\000i\000b\000u\000t\000i\000o\000n\000s\000\051}{section.1}% 2
\BOOKMARK [1][-]{section.2}{\376\377\225\356\230\230\226\020\217\360\000\040\000\050\000P\000r\000o\000b\000l\000e\000m\000\040\000F\000o\000r\000m\000u\000l\000a\000t\000i\000o\000n\000\051}{}% 3
\BOOKMARK [2][-]{subsection.2.1}{\376\377\127\372\116\216\137\072\123\026\133\146\116\140\166\204\217\320\122\250\211\304\122\022\150\106\147\266}{section.2}% 4
\BOOKMARK [2][-]{subsection.2.2}{\376\377\122\000\121\167\215\357\137\204\163\257\130\203\136\372\152\041}{section.2}% 5
\BOOKMARK [1][-]{section.3}{\376\377\000J\000-\000N\000N\000C\152\041\127\213\213\276\213\241\116\016\133\236\163\260}{}% 6
\BOOKMARK [2][-]{subsection.3.1}{\376\377\145\271\154\325\151\202\217\360\000\040\000\050\000M\000e\000t\000h\000o\000d\000\040\000O\000v\000e\000r\000v\000i\000e\000w\000\051}{section.3}% 7
\BOOKMARK [2][-]{subsection.3.2}{\376\377\143\167\136\246\176\246\147\137\116\013\166\204\122\250\117\134\172\172\225\364\213\276\213\241}{section.3}% 8
\BOOKMARK [2][-]{subsection.3.3}{\376\377\162\266\140\001\172\172\225\364\213\276\213\241}{section.3}% 9
\BOOKMARK [2][-]{subsection.3.4}{\376\377\131\126\122\261\121\375\145\160\213\276\213\241}{section.3}% 10
\BOOKMARK [2][-]{subsection.3.5}{\376\377\000P\000P\000O\173\227\154\325}{section.3}% 11
\BOOKMARK [1][-]{section.4}{\376\377\133\236\232\214\116\016\176\323\147\234\000\040\000\050\000E\000x\000p\000e\000r\000i\000m\000e\000n\000t\000\040\000\046\000\040\000R\000e\000s\000u\000l\000t\000s\000\051}{}% 12
\BOOKMARK [2][-]{subsection.4.1}{\376\377\133\236\232\214\213\276\177\156}{section.4}% 13
\BOOKMARK [3][-]{subsubsection.4.1.1}{\376\377\116\373\122\241\116\016\215\357\137\204\226\306\124\010}{subsection.4.1}% 14
\BOOKMARK [3][-]{subsubsection.4.1.2}{\376\377\213\304\116\367\143\007\150\007}{subsection.4.1}% 15
\BOOKMARK [3][-]{subsubsection.4.1.3}{\376\377\133\371\153\324\145\271\154\325\116\016\155\210\207\215\213\276\177\156}{subsection.4.1}% 16
\BOOKMARK [3][-]{subsubsection.4.1.4}{\376\377\213\255\176\303\116\016\213\304\117\060\123\117\213\256}{subsection.4.1}% 17
\BOOKMARK [2][-]{subsection.4.2}{\376\377\116\377\167\037\176\323\147\234}{section.4}% 18
\BOOKMARK [3][-]{subsubsection.4.2.1}{\376\377\140\073\117\123\140\047\200\375\133\371\153\324}{subsection.4.2}% 19
\BOOKMARK [3][-]{subsubsection.4.2.2}{\376\377\220\037\136\246\040\023\213\357\135\356\040\023\136\163\230\172\140\047\166\204\142\230\116\055\377\010\000P\000a\000r\000e\000t\000o\377\011}{subsection.4.2}% 20
\BOOKMARK [3][-]{subsubsection.4.2.3}{\376\377\215\160\136\312\121\205\142\351\215\357\210\114\116\072\122\006\147\220}{subsection.4.2}% 21
\BOOKMARK [3][-]{subsubsection.4.2.4}{\376\377\133\236\145\366\140\047\116\016\000K\000C\000M\136\162\230\204}{subsection.4.2}% 22
\BOOKMARK [3][-]{subsubsection.4.2.5}{\376\377\155\210\207\215\133\236\232\214}{subsection.4.2}% 23
\BOOKMARK [2][-]{subsection.4.3}{\376\377\162\151\164\006\122\240\135\345\232\214\213\301}{section.4}% 24
\BOOKMARK [3][-]{subsubsection.4.3.1}{\376\377\136\163\123\360\116\016\155\101\172\013}{subsection.4.3}% 25
\BOOKMARK [3][-]{subsubsection.4.3.2}{\376\377\162\151\164\006\176\323\147\234\124\110\163\260}{subsection.4.3}% 26
\BOOKMARK [1][-]{section.5}{\376\377\176\323\213\272}{}% 27
